<?xml version="1.0" encoding="UTF-8" ?>
<testsuite 
errors="0" failures="0" hostname="yida" name="org.scalatest.tools.DiscoverySuite" tests="0" time="0.065" timestamp="2016-11-20T16:59:43">
  <properties>
    <property name="java.runtime.name" value="Java(TM) SE Runtime Environment">
    </property>
    <property name="sun.boot.library.path" value="E:\jdk1.8.0_40\bin">
    </property>
    <property name="java.vm.version" value="25.40-b25"> </property>
    <property name="java.vm.vendor" value="Oracle Corporation"> </property>
    <property name="java.vendor.url" value="http://java.oracle.com/">
    </property>
    <property name="path.separator" value=";"> </property>
    <property name="java.vm.name" value="Java HotSpot(TM) 64-Bit Server VM">
    </property>
    <property name="file.encoding.pkg" value="sun.io"> </property>
    <property name="user.script" value=""> </property>
    <property name="user.country" value="CN"> </property>
    <property name="sun.java.launcher" value="SUN_STANDARD"> </property>
    <property name="sun.os.patch.level" value="Service Pack 1"> </property>
    <property 
    name="java.vm.specification.name" value="Java Virtual Machine Specification">
</property>
    <property name="user.dir" value="E:\zip\spark-solr-master"> </property>
    <property name="java.runtime.version" value="1.8.0_40-b26"> </property>
    <property 
    name="java.awt.graphicsenv" value="sun.awt.Win32GraphicsEnvironment">
</property>
    <property name="basedir" value="E:\zip\spark-solr-master"> </property>
    <property name="java.endorsed.dirs" value="E:\jdk1.8.0_40\lib\endorsed">
    </property>
    <property name="os.arch" value="amd64"> </property>
    <property 
    name="java.io.tmpdir" value="E:\zip\spark-solr-master\target/tmp">
</property>
    <property name="line.separator" value=" "> </property>
    <property name="java.vm.specification.vendor" value="Oracle Corporation">
    </property>
    <property name="user.variant" value=""> </property>
    <property name="os.name" value="Windows 7"> </property>
    <property name="sun.jnu.encoding" value="GBK"> </property>
    <property 
    name="java.library.path" value="E:\jdk1.8.0_40\bin;C:\Windows\Sun\Java\bin;C:\Windows\system32;C:\Windows;C:\Windows\system32;C:\Windows;C:\Windows\System32\Wbem;C:\Windows\System32\WindowsPowerShell\v1.0\;E:\jdk1.8.0_40\bin;E:\MySQL-Server_5.5\bin;E:\apache-maven-3.3.9\bin;E:\apache-tomcat-7.0.55\bin;E:\apache-ant-1.9.4\bin;E:\wget-1.11.4\bin;E:\jdk1.8.0_40\bin;.">
</property>
    <property 
    name="java.specification.name" value="Java Platform API Specification">
</property>
    <property name="java.class.version" value="52.0"> </property>
    <property 
    name="sun.management.compiler" value="HotSpot 64-Bit Tiered Compilers">
</property>
    <property name="os.version" value="6.1"> </property>
    <property name="user.home" value="C:\Users\Administrator"> </property>
    <property name="user.timezone" value="Asia/Shanghai"> </property>
    <property name="java.awt.printerjob" value="sun.awt.windows.WPrinterJob">
    </property>
    <property name="file.encoding" value="GBK"> </property>
    <property name="java.specification.version" value="1.8"> </property>
    <property name="user.name" value="Administrator"> </property>
    <property 
    name="java.class.path" value="E:\zip\spark-solr-master\target\test-classes;E:\zip\spark-solr-master\target\classes;E:\Maven-Repository\org\apache\spark\spark-core_2.11\2.0.2\spark-core_2.11-2.0.2.jar;E:\Maven-Repository\org\apache\avro\avro-mapred\1.7.7\avro-mapred-1.7.7-hadoop2.jar;E:\Maven-Repository\org\apache\avro\avro-ipc\1.7.7\avro-ipc-1.7.7.jar;E:\Maven-Repository\org\apache\avro\avro-ipc\1.7.7\avro-ipc-1.7.7-tests.jar;E:\Maven-Repository\com\twitter\chill_2.11\0.8.0\chill_2.11-0.8.0.jar;E:\Maven-Repository\com\esotericsoftware\kryo-shaded\3.0.3\kryo-shaded-3.0.3.jar;E:\Maven-Repository\com\esotericsoftware\minlog\1.3.0\minlog-1.3.0.jar;E:\Maven-Repository\com\twitter\chill-java\0.8.0\chill-java-0.8.0.jar;E:\Maven-Repository\org\apache\xbean\xbean-asm5-shaded\4.4\xbean-asm5-shaded-4.4.jar;E:\Maven-Repository\org\apache\spark\spark-launcher_2.11\2.0.2\spark-launcher_2.11-2.0.2.jar;E:\Maven-Repository\org\apache\spark\spark-network-common_2.11\2.0.2\spark-network-common_2.11-2.0.2.jar;E:\Maven-Repository\org\fusesource\leveldbjni\leveldbjni-all\1.8\leveldbjni-all-1.8.jar;E:\Maven-Repository\org\apache\spark\spark-network-shuffle_2.11\2.0.2\spark-network-shuffle_2.11-2.0.2.jar;E:\Maven-Repository\org\apache\spark\spark-unsafe_2.11\2.0.2\spark-unsafe_2.11-2.0.2.jar;E:\Maven-Repository\net\java\dev\jets3t\jets3t\0.7.1\jets3t-0.7.1.jar;E:\Maven-Repository\org\apache\curator\curator-recipes\2.4.0\curator-recipes-2.4.0.jar;E:\Maven-Repository\javax\servlet\javax.servlet-api\3.1.0\javax.servlet-api-3.1.0.jar;E:\Maven-Repository\org\apache\commons\commons-math3\3.4.1\commons-math3-3.4.1.jar;E:\Maven-Repository\com\google\code\findbugs\jsr305\1.3.9\jsr305-1.3.9.jar;E:\Maven-Repository\org\slf4j\slf4j-api\1.7.16\slf4j-api-1.7.16.jar;E:\Maven-Repository\org\slf4j\jul-to-slf4j\1.7.16\jul-to-slf4j-1.7.16.jar;E:\Maven-Repository\org\slf4j\jcl-over-slf4j\1.7.16\jcl-over-slf4j-1.7.16.jar;E:\Maven-Repository\log4j\log4j\1.2.17\log4j-1.2.17.jar;E:\Maven-Repository\org\slf4j\slf4j-log4j12\1.7.16\slf4j-log4j12-1.7.16.jar;E:\Maven-Repository\com\ning\compress-lzf\1.0.3\compress-lzf-1.0.3.jar;E:\Maven-Repository\org\xerial\snappy\snappy-java\1.1.2.6\snappy-java-1.1.2.6.jar;E:\Maven-Repository\net\jpountz\lz4\lz4\1.3.0\lz4-1.3.0.jar;E:\Maven-Repository\org\roaringbitmap\RoaringBitmap\0.5.11\RoaringBitmap-0.5.11.jar;E:\Maven-Repository\commons-net\commons-net\2.2\commons-net-2.2.jar;E:\Maven-Repository\org\json4s\json4s-jackson_2.11\3.2.11\json4s-jackson_2.11-3.2.11.jar;E:\Maven-Repository\org\json4s\json4s-core_2.11\3.2.11\json4s-core_2.11-3.2.11.jar;E:\Maven-Repository\org\json4s\json4s-ast_2.11\3.2.11\json4s-ast_2.11-3.2.11.jar;E:\Maven-Repository\org\scala-lang\scalap\2.11.0\scalap-2.11.0.jar;E:\Maven-Repository\org\scala-lang\scala-compiler\2.11.0\scala-compiler-2.11.0.jar;E:\Maven-Repository\org\scala-lang\modules\scala-parser-combinators_2.11\1.0.1\scala-parser-combinators_2.11-1.0.1.jar;E:\Maven-Repository\org\glassfish\jersey\core\jersey-client\2.22.2\jersey-client-2.22.2.jar;E:\Maven-Repository\javax\ws\rs\javax.ws.rs-api\2.0.1\javax.ws.rs-api-2.0.1.jar;E:\Maven-Repository\org\glassfish\hk2\hk2-api\2.4.0-b34\hk2-api-2.4.0-b34.jar;E:\Maven-Repository\org\glassfish\hk2\hk2-utils\2.4.0-b34\hk2-utils-2.4.0-b34.jar;E:\Maven-Repository\org\glassfish\hk2\external\aopalliance-repackaged\2.4.0-b34\aopalliance-repackaged-2.4.0-b34.jar;E:\Maven-Repository\org\glassfish\hk2\external\javax.inject\2.4.0-b34\javax.inject-2.4.0-b34.jar;E:\Maven-Repository\org\glassfish\hk2\hk2-locator\2.4.0-b34\hk2-locator-2.4.0-b34.jar;E:\Maven-Repository\org\javassist\javassist\3.18.1-GA\javassist-3.18.1-GA.jar;E:\Maven-Repository\org\glassfish\jersey\core\jersey-common\2.22.2\jersey-common-2.22.2.jar;E:\Maven-Repository\javax\annotation\javax.annotation-api\1.2\javax.annotation-api-1.2.jar;E:\Maven-Repository\org\glassfish\jersey\bundles\repackaged\jersey-guava\2.22.2\jersey-guava-2.22.2.jar;E:\Maven-Repository\org\glassfish\hk2\osgi-resource-locator\1.0.1\osgi-resource-locator-1.0.1.jar;E:\Maven-Repository\org\glassfish\jersey\core\jersey-server\2.22.2\jersey-server-2.22.2.jar;E:\Maven-Repository\org\glassfish\jersey\media\jersey-media-jaxb\2.22.2\jersey-media-jaxb-2.22.2.jar;E:\Maven-Repository\javax\validation\validation-api\1.1.0.Final\validation-api-1.1.0.Final.jar;E:\Maven-Repository\org\glassfish\jersey\containers\jersey-container-servlet\2.22.2\jersey-container-servlet-2.22.2.jar;E:\Maven-Repository\org\glassfish\jersey\containers\jersey-container-servlet-core\2.22.2\jersey-container-servlet-core-2.22.2.jar;E:\Maven-Repository\org\apache\mesos\mesos\0.21.1\mesos-0.21.1-shaded-protobuf.jar;E:\Maven-Repository\io\netty\netty-all\4.0.29.Final\netty-all-4.0.29.Final.jar;E:\Maven-Repository\io\netty\netty\3.8.0.Final\netty-3.8.0.Final.jar;E:\Maven-Repository\com\clearspring\analytics\stream\2.7.0\stream-2.7.0.jar;E:\Maven-Repository\io\dropwizard\metrics\metrics-core\3.1.2\metrics-core-3.1.2.jar;E:\Maven-Repository\io\dropwizard\metrics\metrics-jvm\3.1.2\metrics-jvm-3.1.2.jar;E:\Maven-Repository\io\dropwizard\metrics\metrics-json\3.1.2\metrics-json-3.1.2.jar;E:\Maven-Repository\io\dropwizard\metrics\metrics-graphite\3.1.2\metrics-graphite-3.1.2.jar;E:\Maven-Repository\org\apache\ivy\ivy\2.4.0\ivy-2.4.0.jar;E:\Maven-Repository\oro\oro\2.0.8\oro-2.0.8.jar;E:\Maven-Repository\net\razorvine\pyrolite\4.13\pyrolite-4.13.jar;E:\Maven-Repository\net\sf\py4j\py4j\0.10.3\py4j-0.10.3.jar;E:\Maven-Repository\org\apache\spark\spark-tags_2.11\2.0.2\spark-tags_2.11-2.0.2.jar;E:\Maven-Repository\org\spark-project\spark\unused\1.0.0\unused-1.0.0.jar;E:\Maven-Repository\com\esotericsoftware\kryo\kryo\2.21\kryo-2.21.jar;E:\Maven-Repository\com\esotericsoftware\reflectasm\reflectasm\1.07\reflectasm-1.07-shaded.jar;E:\Maven-Repository\com\esotericsoftware\minlog\minlog\1.2\minlog-1.2.jar;E:\Maven-Repository\org\objenesis\objenesis\1.2\objenesis-1.2.jar;E:\Maven-Repository\com\codahale\metrics\metrics-core\3.0.0\metrics-core-3.0.0.jar;E:\Maven-Repository\org\apache\spark\spark-streaming_2.11\2.0.2\spark-streaming_2.11-2.0.2.jar;E:\Maven-Repository\org\apache\spark\spark-mllib_2.11\2.0.2\spark-mllib_2.11-2.0.2.jar;E:\Maven-Repository\org\apache\spark\spark-sql_2.11\2.0.2\spark-sql_2.11-2.0.2.jar;E:\Maven-Repository\com\univocity\univocity-parsers\2.1.1\univocity-parsers-2.1.1.jar;E:\Maven-Repository\org\apache\spark\spark-sketch_2.11\2.0.2\spark-sketch_2.11-2.0.2.jar;E:\Maven-Repository\org\apache\spark\spark-catalyst_2.11\2.0.2\spark-catalyst_2.11-2.0.2.jar;E:\Maven-Repository\org\codehaus\janino\janino\2.7.8\janino-2.7.8.jar;E:\Maven-Repository\org\apache\parquet\parquet-column\1.7.0\parquet-column-1.7.0.jar;E:\Maven-Repository\org\apache\parquet\parquet-common\1.7.0\parquet-common-1.7.0.jar;E:\Maven-Repository\org\apache\parquet\parquet-encoding\1.7.0\parquet-encoding-1.7.0.jar;E:\Maven-Repository\org\apache\parquet\parquet-generator\1.7.0\parquet-generator-1.7.0.jar;E:\Maven-Repository\org\apache\parquet\parquet-hadoop\1.7.0\parquet-hadoop-1.7.0.jar;E:\Maven-Repository\org\apache\parquet\parquet-format\2.3.0-incubating\parquet-format-2.3.0-incubating.jar;E:\Maven-Repository\org\apache\parquet\parquet-jackson\1.7.0\parquet-jackson-1.7.0.jar;E:\Maven-Repository\org\apache\spark\spark-graphx_2.11\2.0.2\spark-graphx_2.11-2.0.2.jar;E:\Maven-Repository\com\github\fommil\netlib\core\1.1.2\core-1.1.2.jar;E:\Maven-Repository\net\sourceforge\f2j\arpack_combined_all\0.1\arpack_combined_all-0.1.jar;E:\Maven-Repository\org\apache\spark\spark-mllib-local_2.11\2.0.2\spark-mllib-local_2.11-2.0.2.jar;E:\Maven-Repository\org\scalanlp\breeze_2.11\0.11.2\breeze_2.11-0.11.2.jar;E:\Maven-Repository\org\scalanlp\breeze-macros_2.11\0.11.2\breeze-macros_2.11-0.11.2.jar;E:\Maven-Repository\net\sf\opencsv\opencsv\2.3\opencsv-2.3.jar;E:\Maven-Repository\com\github\rwl\jtransforms\2.4.0\jtransforms-2.4.0.jar;E:\Maven-Repository\org\spire-math\spire_2.11\0.7.4\spire_2.11-0.7.4.jar;E:\Maven-Repository\org\spire-math\spire-macros_2.11\0.7.4\spire-macros_2.11-0.7.4.jar;E:\Maven-Repository\org\jpmml\pmml-model\1.2.15\pmml-model-1.2.15.jar;E:\Maven-Repository\org\jpmml\pmml-schema\1.2.15\pmml-schema-1.2.15.jar;E:\Maven-Repository\org\apache\bahir\spark-streaming-twitter_2.11\2.0.1\spark-streaming-twitter_2.11-2.0.1.jar;E:\Maven-Repository\org\twitter4j\twitter4j-stream\4.0.4\twitter4j-stream-4.0.4.jar;E:\Maven-Repository\org\twitter4j\twitter4j-core\4.0.4\twitter4j-core-4.0.4.jar;E:\Maven-Repository\commons-cli\commons-cli\1.3.1\commons-cli-1.3.1.jar;E:\Maven-Repository\commons-io\commons-io\2.3\commons-io-2.3.jar;E:\Maven-Repository\org\apache\solr\solr-solrj\6.2.1\solr-solrj-6.2.1.jar;E:\Maven-Repository\com\fasterxml\jackson\core\jackson-annotations\2.5.4\jackson-annotations-2.5.4.jar;E:\Maven-Repository\com\google\guava\guava\14.0.1\guava-14.0.1.jar;E:\Maven-Repository\org\apache\httpcomponents\httpclient\4.4.1\httpclient-4.4.1.jar;E:\Maven-Repository\org\apache\httpcomponents\httpcore\4.4.1\httpcore-4.4.1.jar;E:\Maven-Repository\org\apache\httpcomponents\httpmime\4.4.1\httpmime-4.4.1.jar;E:\Maven-Repository\org\apache\zookeeper\zookeeper\3.4.6\zookeeper-3.4.6.jar;E:\Maven-Repository\org\codehaus\woodstox\stax2-api\3.1.4\stax2-api-3.1.4.jar;E:\Maven-Repository\org\codehaus\woodstox\woodstox-core-asl\4.4.1\woodstox-core-asl-4.4.1.jar;E:\Maven-Repository\org\noggit\noggit\0.6\noggit-0.6.jar;E:\Maven-Repository\org\apache\solr\solr-core\6.2.1\solr-core-6.2.1.jar;E:\Maven-Repository\org\apache\lucene\lucene-analyzers-common\6.2.1\lucene-analyzers-common-6.2.1.jar;E:\Maven-Repository\org\apache\lucene\lucene-analyzers-kuromoji\6.2.1\lucene-analyzers-kuromoji-6.2.1.jar;E:\Maven-Repository\org\apache\lucene\lucene-analyzers-phonetic\6.2.1\lucene-analyzers-phonetic-6.2.1.jar;E:\Maven-Repository\org\apache\lucene\lucene-backward-codecs\6.2.1\lucene-backward-codecs-6.2.1.jar;E:\Maven-Repository\org\apache\lucene\lucene-classification\6.2.1\lucene-classification-6.2.1.jar;E:\Maven-Repository\org\apache\lucene\lucene-codecs\6.2.1\lucene-codecs-6.2.1.jar;E:\Maven-Repository\org\apache\lucene\lucene-core\6.2.1\lucene-core-6.2.1.jar;E:\Maven-Repository\org\apache\lucene\lucene-expressions\6.2.1\lucene-expressions-6.2.1.jar;E:\Maven-Repository\org\apache\lucene\lucene-grouping\6.2.1\lucene-grouping-6.2.1.jar;E:\Maven-Repository\org\apache\lucene\lucene-highlighter\6.2.1\lucene-highlighter-6.2.1.jar;E:\Maven-Repository\org\apache\lucene\lucene-join\6.2.1\lucene-join-6.2.1.jar;E:\Maven-Repository\org\apache\lucene\lucene-memory\6.2.1\lucene-memory-6.2.1.jar;E:\Maven-Repository\org\apache\lucene\lucene-misc\6.2.1\lucene-misc-6.2.1.jar;E:\Maven-Repository\org\apache\lucene\lucene-queries\6.2.1\lucene-queries-6.2.1.jar;E:\Maven-Repository\org\apache\lucene\lucene-queryparser\6.2.1\lucene-queryparser-6.2.1.jar;E:\Maven-Repository\org\apache\lucene\lucene-sandbox\6.2.1\lucene-sandbox-6.2.1.jar;E:\Maven-Repository\org\apache\lucene\lucene-spatial-extras\6.2.1\lucene-spatial-extras-6.2.1.jar;E:\Maven-Repository\org\apache\lucene\lucene-suggest\6.2.1\lucene-suggest-6.2.1.jar;E:\Maven-Repository\com\carrotsearch\hppc\0.7.1\hppc-0.7.1.jar;E:\Maven-Repository\com\facebook\presto\presto-parser\0.122\presto-parser-0.122.jar;E:\Maven-Repository\com\fasterxml\jackson\dataformat\jackson-dataformat-smile\2.5.4\jackson-dataformat-smile-2.5.4.jar;E:\Maven-Repository\com\github\ben-manes\caffeine\caffeine\1.0.1\caffeine-1.0.1.jar;E:\Maven-Repository\com\google\protobuf\protobuf-java\2.5.0\protobuf-java-2.5.0.jar;E:\Maven-Repository\com\tdunning\t-digest\3.1\t-digest-3.1.jar;E:\Maven-Repository\commons-codec\commons-codec\1.10\commons-codec-1.10.jar;E:\Maven-Repository\commons-collections\commons-collections\3.2.2\commons-collections-3.2.2.jar;E:\Maven-Repository\commons-configuration\commons-configuration\1.6\commons-configuration-1.6.jar;E:\Maven-Repository\commons-fileupload\commons-fileupload\1.3.1\commons-fileupload-1.3.1.jar;E:\Maven-Repository\commons-lang\commons-lang\2.6\commons-lang-2.6.jar;E:\Maven-Repository\dom4j\dom4j\1.6.1\dom4j-1.6.1.jar;E:\Maven-Repository\io\airlift\slice\0.10\slice-0.10.jar;E:\Maven-Repository\joda-time\joda-time\2.2\joda-time-2.2.jar;E:\Maven-Repository\org\antlr\antlr4-runtime\4.5.1-1\antlr4-runtime-4.5.1-1.jar;E:\Maven-Repository\org\apache\commons\commons-exec\1.3\commons-exec-1.3.jar;E:\Maven-Repository\org\apache\curator\curator-client\2.8.0\curator-client-2.8.0.jar;E:\Maven-Repository\org\apache\curator\curator-framework\2.8.0\curator-framework-2.8.0.jar;E:\Maven-Repository\org\apache\hadoop\hadoop-annotations\2.7.2\hadoop-annotations-2.7.2.jar;E:\Maven-Repository\org\apache\hadoop\hadoop-auth\2.7.2\hadoop-auth-2.7.2.jar;E:\Maven-Repository\org\apache\hadoop\hadoop-hdfs\2.7.2\hadoop-hdfs-2.7.2.jar;E:\Maven-Repository\org\apache\htrace\htrace-core\3.2.0-incubating\htrace-core-3.2.0-incubating.jar;E:\Maven-Repository\org\eclipse\jetty\jetty-continuation\9.3.8.v20160314\jetty-continuation-9.3.8.v20160314.jar;E:\Maven-Repository\org\eclipse\jetty\jetty-deploy\9.3.8.v20160314\jetty-deploy-9.3.8.v20160314.jar;E:\Maven-Repository\org\eclipse\jetty\jetty-http\9.3.8.v20160314\jetty-http-9.3.8.v20160314.jar;E:\Maven-Repository\org\eclipse\jetty\jetty-io\9.3.8.v20160314\jetty-io-9.3.8.v20160314.jar;E:\Maven-Repository\org\eclipse\jetty\jetty-jmx\9.3.8.v20160314\jetty-jmx-9.3.8.v20160314.jar;E:\Maven-Repository\org\eclipse\jetty\jetty-rewrite\9.3.8.v20160314\jetty-rewrite-9.3.8.v20160314.jar;E:\Maven-Repository\org\eclipse\jetty\jetty-security\9.3.8.v20160314\jetty-security-9.3.8.v20160314.jar;E:\Maven-Repository\org\eclipse\jetty\jetty-server\9.3.8.v20160314\jetty-server-9.3.8.v20160314.jar;E:\Maven-Repository\org\eclipse\jetty\jetty-servlet\9.3.8.v20160314\jetty-servlet-9.3.8.v20160314.jar;E:\Maven-Repository\org\eclipse\jetty\jetty-servlets\9.3.8.v20160314\jetty-servlets-9.3.8.v20160314.jar;E:\Maven-Repository\org\eclipse\jetty\jetty-util\9.3.8.v20160314\jetty-util-9.3.8.v20160314.jar;E:\Maven-Repository\org\eclipse\jetty\jetty-webapp\9.3.8.v20160314\jetty-webapp-9.3.8.v20160314.jar;E:\Maven-Repository\org\eclipse\jetty\jetty-xml\9.3.8.v20160314\jetty-xml-9.3.8.v20160314.jar;E:\Maven-Repository\org\locationtech\spatial4j\spatial4j\0.6\spatial4j-0.6.jar;E:\Maven-Repository\org\ow2\asm\asm\5.1\asm-5.1.jar;E:\Maven-Repository\org\ow2\asm\asm-commons\5.1\asm-commons-5.1.jar;E:\Maven-Repository\org\restlet\jee\org.restlet\2.3.0\org.restlet-2.3.0.jar;E:\Maven-Repository\org\restlet\jee\org.restlet.ext.servlet\2.3.0\org.restlet.ext.servlet-2.3.0.jar;E:\Maven-Repository\org\apache\solr\solr-test-framework\6.2.1\solr-test-framework-6.2.1.jar;E:\Maven-Repository\org\apache\lucene\lucene-test-framework\6.2.1\lucene-test-framework-6.2.1.jar;E:\Maven-Repository\com\carrotsearch\randomizedtesting\junit4-ant\2.3.4\junit4-ant-2.3.4.jar;E:\Maven-Repository\com\carrotsearch\randomizedtesting\randomizedtesting-runner\2.3.4\randomizedtesting-runner-2.3.4.jar;E:\Maven-Repository\org\apache\ant\ant\1.8.2\ant-1.8.2.jar;E:\Maven-Repository\org\apache\hadoop\hadoop-client\2.6.0\hadoop-client-2.6.0.jar;E:\Maven-Repository\org\apache\hadoop\hadoop-mapreduce-client-app\2.6.0\hadoop-mapreduce-client-app-2.6.0.jar;E:\Maven-Repository\org\apache\hadoop\hadoop-mapreduce-client-common\2.6.0\hadoop-mapreduce-client-common-2.6.0.jar;E:\Maven-Repository\org\apache\hadoop\hadoop-yarn-client\2.6.0\hadoop-yarn-client-2.6.0.jar;E:\Maven-Repository\org\apache\hadoop\hadoop-yarn-server-common\2.6.0\hadoop-yarn-server-common-2.6.0.jar;E:\Maven-Repository\org\apache\hadoop\hadoop-mapreduce-client-shuffle\2.6.0\hadoop-mapreduce-client-shuffle-2.6.0.jar;E:\Maven-Repository\org\apache\hadoop\hadoop-yarn-api\2.6.0\hadoop-yarn-api-2.6.0.jar;E:\Maven-Repository\org\apache\hadoop\hadoop-mapreduce-client-core\2.6.0\hadoop-mapreduce-client-core-2.6.0.jar;E:\Maven-Repository\org\apache\hadoop\hadoop-yarn-common\2.6.0\hadoop-yarn-common-2.6.0.jar;E:\Maven-Repository\javax\xml\bind\jaxb-api\2.2.2\jaxb-api-2.2.2.jar;E:\Maven-Repository\javax\xml\stream\stax-api\1.0-2\stax-api-1.0-2.jar;E:\Maven-Repository\javax\activation\activation\1.1\activation-1.1.jar;E:\Maven-Repository\com\sun\jersey\jersey-client\1.9\jersey-client-1.9.jar;E:\Maven-Repository\org\apache\hadoop\hadoop-mapreduce-client-jobclient\2.6.0\hadoop-mapreduce-client-jobclient-2.6.0.jar;E:\Maven-Repository\org\apache\hadoop\hadoop-common\2.6.0\hadoop-common-2.6.0.jar;E:\Maven-Repository\xmlenc\xmlenc\0.52\xmlenc-0.52.jar;E:\Maven-Repository\commons-httpclient\commons-httpclient\3.1\commons-httpclient-3.1.jar;E:\Maven-Repository\org\mortbay\jetty\jetty\6.1.26\jetty-6.1.26.jar;E:\Maven-Repository\org\mortbay\jetty\jetty-util\6.1.26\jetty-util-6.1.26.jar;E:\Maven-Repository\com\sun\jersey\jersey-core\1.9\jersey-core-1.9.jar;E:\Maven-Repository\com\sun\jersey\jersey-json\1.9\jersey-json-1.9.jar;E:\Maven-Repository\org\codehaus\jettison\jettison\1.1\jettison-1.1.jar;E:\Maven-Repository\com\sun\xml\bind\jaxb-impl\2.2.3-1\jaxb-impl-2.2.3-1.jar;E:\Maven-Repository\org\codehaus\jackson\jackson-jaxrs\1.8.3\jackson-jaxrs-1.8.3.jar;E:\Maven-Repository\org\codehaus\jackson\jackson-xc\1.8.3\jackson-xc-1.8.3.jar;E:\Maven-Repository\com\sun\jersey\jersey-server\1.9\jersey-server-1.9.jar;E:\Maven-Repository\asm\asm\3.1\asm-3.1.jar;E:\Maven-Repository\tomcat\jasper-compiler\5.5.23\jasper-compiler-5.5.23.jar;E:\Maven-Repository\tomcat\jasper-runtime\5.5.23\jasper-runtime-5.5.23.jar;E:\Maven-Repository\commons-el\commons-el\1.0\commons-el-1.0.jar;E:\Maven-Repository\commons-logging\commons-logging\1.1.3\commons-logging-1.1.3.jar;E:\Maven-Repository\org\codehaus\jackson\jackson-core-asl\1.9.13\jackson-core-asl-1.9.13.jar;E:\Maven-Repository\org\codehaus\jackson\jackson-mapper-asl\1.9.13\jackson-mapper-asl-1.9.13.jar;E:\Maven-Repository\org\apache\avro\avro\1.7.4\avro-1.7.4.jar;E:\Maven-Repository\com\google\code\gson\gson\2.2.4\gson-2.2.4.jar;E:\Maven-Repository\com\jcraft\jsch\0.1.42\jsch-0.1.42.jar;E:\Maven-Repository\org\htrace\htrace-core\3.0.4\htrace-core-3.0.4.jar;E:\Maven-Repository\org\apache\commons\commons-lang3\3.3.2\commons-lang3-3.3.2.jar;E:\Maven-Repository\junit\junit\4.11\junit-4.11.jar;E:\Maven-Repository\org\hamcrest\hamcrest-core\1.3\hamcrest-core-1.3.jar;E:\Maven-Repository\com\fasterxml\jackson\core\jackson-core\2.4.0\jackson-core-2.4.0.jar;E:\Maven-Repository\com\fasterxml\jackson\core\jackson-databind\2.4.0\jackson-databind-2.4.0.jar;E:\Maven-Repository\com\fasterxml\jackson\module\jackson-module-scala_2.11\2.4.0\jackson-module-scala_2.11-2.4.0.jar;E:\Maven-Repository\org\scala-lang\scala-reflect\2.11.1\scala-reflect-2.11.1.jar;E:\Maven-Repository\com\thoughtworks\paranamer\paranamer\2.6\paranamer-2.6.jar;E:\Maven-Repository\org\scala-lang\scala-library\2.11.8\scala-library-2.11.8.jar;E:\Maven-Repository\org\apache\spark\spark-core_2.11\2.0.2\spark-core_2.11-2.0.2-tests.jar;E:\Maven-Repository\org\apache\spark\spark-mllib_2.11\2.0.2\spark-mllib_2.11-2.0.2-tests.jar;E:\Maven-Repository\org\scalatest\scalatest_2.11\2.2.1\scalatest_2.11-2.2.1.jar;E:\Maven-Repository\org\scala-lang\modules\scala-xml_2.11\1.0.2\scala-xml_2.11-1.0.2.jar;E:\Maven-Repository\org\apache\spark\spark-hive_2.11\2.0.2\spark-hive_2.11-2.0.2.jar;E:\Maven-Repository\com\twitter\parquet-hadoop-bundle\1.6.0\parquet-hadoop-bundle-1.6.0.jar;E:\Maven-Repository\org\spark-project\hive\hive-exec\1.2.1.spark2\hive-exec-1.2.1.spark2.jar;E:\Maven-Repository\javolution\javolution\5.5.1\javolution-5.5.1.jar;E:\Maven-Repository\log4j\apache-log4j-extras\1.2.17\apache-log4j-extras-1.2.17.jar;E:\Maven-Repository\org\antlr\antlr-runtime\3.4\antlr-runtime-3.4.jar;E:\Maven-Repository\org\antlr\stringtemplate\3.2.1\stringtemplate-3.2.1.jar;E:\Maven-Repository\antlr\antlr\2.7.7\antlr-2.7.7.jar;E:\Maven-Repository\org\antlr\ST4\4.0.4\ST4-4.0.4.jar;E:\Maven-Repository\com\googlecode\javaewah\JavaEWAH\0.3.2\JavaEWAH-0.3.2.jar;E:\Maven-Repository\org\iq80\snappy\snappy\0.2\snappy-0.2.jar;E:\Maven-Repository\org\json\json\20090211\json-20090211.jar;E:\Maven-Repository\stax\stax-api\1.0.1\stax-api-1.0.1.jar;E:\Maven-Repository\org\spark-project\hive\hive-metastore\1.2.1.spark2\hive-metastore-1.2.1.spark2.jar;E:\Maven-Repository\com\jolbox\bonecp\0.8.0.RELEASE\bonecp-0.8.0.RELEASE.jar;E:\Maven-Repository\org\apache\derby\derby\10.10.2.0\derby-10.10.2.0.jar;E:\Maven-Repository\org\datanucleus\datanucleus-api-jdo\3.2.6\datanucleus-api-jdo-3.2.6.jar;E:\Maven-Repository\org\datanucleus\datanucleus-rdbms\3.2.9\datanucleus-rdbms-3.2.9.jar;E:\Maven-Repository\commons-pool\commons-pool\1.5.4\commons-pool-1.5.4.jar;E:\Maven-Repository\commons-dbcp\commons-dbcp\1.4\commons-dbcp-1.4.jar;E:\Maven-Repository\javax\jdo\jdo-api\3.0.1\jdo-api-3.0.1.jar;E:\Maven-Repository\javax\transaction\jta\1.1\jta-1.1.jar;E:\Maven-Repository\org\apache\calcite\calcite-avatica\1.2.0-incubating\calcite-avatica-1.2.0-incubating.jar;E:\Maven-Repository\org\apache\calcite\calcite-core\1.2.0-incubating\calcite-core-1.2.0-incubating.jar;E:\Maven-Repository\org\apache\calcite\calcite-linq4j\1.2.0-incubating\calcite-linq4j-1.2.0-incubating.jar;E:\Maven-Repository\net\hydromatic\eigenbase-properties\1.1.5\eigenbase-properties-1.1.5.jar;E:\Maven-Repository\org\codehaus\janino\commons-compiler\2.7.6\commons-compiler-2.7.6.jar;E:\Maven-Repository\org\jodd\jodd-core\3.5.2\jodd-core-3.5.2.jar;E:\Maven-Repository\org\datanucleus\datanucleus-core\3.2.10\datanucleus-core-3.2.10.jar;E:\Maven-Repository\org\apache\thrift\libthrift\0.9.2\libthrift-0.9.2.jar;E:\Maven-Repository\org\apache\thrift\libfb303\0.9.2\libfb303-0.9.2.jar;E:\Maven-Repository\org\apache\commons\commons-compress\1.4.1\commons-compress-1.4.1.jar;E:\Maven-Repository\org\tukaani\xz\1.0\xz-1.0.jar;E:\Maven-Repository\org\joda\joda-convert\1.2\joda-convert-1.2.jar;E:\Maven-Repository\com\typesafe\scala-logging\scala-logging_2.11\3.4.0\scala-logging_2.11-3.4.0.jar;E:\Maven-Repository\com\github\tomakehurst\wiremock\1.56\wiremock-1.56-standalone.jar;E:\jdk1.8.0_40\lib\tools.jar">
</property>
    <property name="java.vm.specification.version" value="1.8"> </property>
    <property name="sun.arch.data.model" value="64"> </property>
    <property name="java.home" value="E:\jdk1.8.0_40"> </property>
    <property 
    name="sun.java.command" value="org.scalatest.tools.Runner -R E:\zip\spark-solr-master\target\classes E:\zip\spark-solr-master\target\test-classes -o -u E:\zip\spark-solr-master\target\surefire-reports\.">
</property>
    <property name="java.specification.vendor" value="Oracle Corporation">
    </property>
    <property name="user.language" value="zh"> </property>
    <property name="awt.toolkit" value="sun.awt.windows.WToolkit"> </property>
    <property name="java.vm.info" value="mixed mode"> </property>
    <property name="java.version" value="1.8.0_40"> </property>
    <property 
    name="java.ext.dirs" value="E:\jdk1.8.0_40\lib\ext;C:\Windows\Sun\Java\lib\ext">
</property>
    <property 
    name="sun.boot.class.path" value="E:\jdk1.8.0_40\lib\resources.jar;E:\jdk1.8.0_40\lib\rt.jar;E:\jdk1.8.0_40\lib\sunrsasign.jar;E:\jdk1.8.0_40\lib\jsse.jar;E:\jdk1.8.0_40\lib\jce.jar;E:\jdk1.8.0_40\lib\charsets.jar;E:\jdk1.8.0_40\lib\jfr.jar;E:\jdk1.8.0_40\classes">
</property>
    <property name="java.vendor" value="Oracle Corporation"> </property>
    <property name="java.awt.headless" value="true"> </property>
    <property name="file.separator" value="\"> </property>
    <property 
    name="java.vendor.url.bug" value="http://bugreport.sun.com/bugreport/">
</property>
    <property name="sun.cpu.endian" value="little"> </property>
    <property name="sun.io.unicode.encoding" value="UnicodeLittle"> </property>
    <property name="sun.desktop" value="windows"> </property>
    <property name="sun.cpu.isalist" value="amd64"> </property>
  </properties>
  <system-out><![CDATA[]]></system-out>
  <system-err><![CDATA[]]></system-err>
</testsuite>
